2023-04-21 00:39:51,592 INFO: Copied source\text.txt to replica\text.txt
2023-04-21 00:40:01,599 INFO: Copied source\text.txt to replica\text.txt
2023-04-21 00:40:01,600 INFO: Removed replica\text.txt
2023-04-21 00:40:11,607 INFO: Copied source\text.txt to replica\text.txt
2023-04-21 00:40:21,613 INFO: Copied source\text.txt to replica\text.txt
2023-04-21 00:40:21,613 INFO: Removed replica\text.txt
2023-04-21 00:40:31,625 INFO: Copied source\text.txt to replica\text.txt
2023-04-21 00:40:41,628 INFO: Copied source\text.txt to replica\text.txt
2023-04-21 00:40:41,629 INFO: Removed replica\text.txt
2023-04-21 00:40:51,643 INFO: Copied source\text.txt to replica\text.txt
2023-04-21 00:41:01,658 INFO: Copied source\text.txt to replica\text.txt
2023-04-21 00:41:01,660 INFO: Removed replica\text.txt
2023-04-21 00:41:11,680 INFO: Copied source\text.txt to replica\text.txt
2023-04-21 00:41:21,688 INFO: Copied source\text.txt to replica\text.txt
2023-04-21 00:41:21,689 INFO: Removed replica\text.txt
2023-04-21 00:41:31,702 INFO: Copied source\text.txt to replica\text.txt
2023-04-21 00:41:41,715 INFO: Copied source\text.txt to replica\text.txt
2023-04-21 00:41:41,716 INFO: Removed replica\text.txt
2023-04-21 00:41:51,728 INFO: Copied source\text.txt to replica\text.txt
2023-04-21 00:42:01,745 INFO: Copied source\text.txt to replica\text.txt
2023-04-21 00:42:01,746 INFO: Removed replica\New Text Document.txt
2023-04-21 00:42:01,747 INFO: Removed replica\text.txt
2023-04-21 00:42:11,763 INFO: Copied source\text.txt to replica\text.txt
2023-04-21 00:42:21,782 INFO: Copied source\text.txt to replica\text.txt
2023-04-21 00:42:21,783 INFO: Removed replica\text.txt
2023-04-21 00:42:31,792 INFO: Copied source\text.txt to replica\text.txt
2023-04-21 00:42:41,798 INFO: Removed replica\text.txt
2023-04-21 00:43:54,012 INFO: Removed replica\new_text.txt
2023-04-21 00:43:54,013 INFO: Removed replica\text.txt
2023-04-21 00:48:44,550 INFO: Copied source\text.txt to replica\text.txt
2023-04-21 00:48:54,559 INFO: Copied source\text.txt to replica\text.txt
2023-04-21 00:51:50,833 INFO: Removed replica\text.txt
2023-04-21 00:52:10,852 INFO: Copied source\text.txt to replica\text.txt
2023-04-21 00:52:20,861 INFO: Copied source\text.txt to replica\text.txt
2023-04-21 00:52:20,862 INFO: Removed replica\text.txt
2023-04-21 00:52:30,866 INFO: Copied source\text.txt to replica\text.txt
2023-04-21 00:52:40,876 INFO: Copied source\text.txt to replica\text.txt
2023-04-21 00:52:40,877 INFO: Removed replica\text.txt
2023-04-21 00:52:50,882 INFO: Copied source\text.txt to replica\text.txt
2023-04-21 00:53:00,885 INFO: Copied source\text.txt to replica\text.txt
2023-04-21 00:53:00,886 INFO: Removed replica\text.txt
2023-04-21 00:53:10,894 INFO: Copied source\text.txt to replica\text.txt
2023-04-21 00:53:20,899 INFO: Copied source\text.txt to replica\text.txt
2023-04-21 00:53:20,899 INFO: Removed replica\text.txt
2023-04-21 00:53:30,908 INFO: Copied source\text.txt to replica\text.txt
2023-04-21 00:53:40,924 INFO: Copied source\text.txt to replica\text.txt
2023-04-21 00:53:40,925 INFO: Removed replica\text.txt
2023-04-21 00:53:50,942 INFO: Copied source\text.txt to replica\text.txt
2023-04-21 00:54:00,950 INFO: Copied source\text.txt to replica\text.txt
2023-04-21 00:54:00,951 INFO: Removed replica\text.txt
2023-04-21 00:54:10,977 INFO: Copied source\text.txt to replica\text.txt
2023-04-21 00:54:20,984 INFO: Copied source\text.txt to replica\text.txt
2023-04-21 00:54:20,985 INFO: Removed replica\text.txt
2023-04-21 00:54:31,000 INFO: Copied source\text.txt to replica\text.txt
2023-04-21 00:54:41,017 INFO: Copied source\text.txt to replica\text.txt
2023-04-21 00:54:41,018 INFO: Removed replica\text.txt
2023-04-21 00:54:51,027 INFO: Copied source\text.txt to replica\text.txt
2023-04-21 00:54:52,867 INFO: Copied source\text.txt to replica\text.txt
2023-04-21 00:55:02,877 INFO: Copied source\text.txt to replica\text.txt
2023-04-21 00:55:12,886 INFO: Copied source\text.txt to replica\text.txt
2023-04-21 00:55:22,893 INFO: Copied source\text.txt to replica\text.txt
2023-04-21 00:55:32,898 INFO: Copied source\text.txt to replica\text.txt
2023-04-21 00:55:42,901 INFO: Copied source\text.txt to replica\text.txt
2023-04-21 00:55:52,919 INFO: Copied source\text.txt to replica\text.txt
2023-04-21 00:56:02,935 INFO: Copied source\text.txt to replica\text.txt
2023-04-21 00:56:12,942 INFO: Copied source\NewFile.txt to replica\NewFile.txt
2023-04-21 00:56:12,943 INFO: Copied source\text.txt to replica\text.txt
2023-04-21 00:56:22,962 INFO: Copied source\NewFile.txt to replica\NewFile.txt
2023-04-21 00:56:22,963 INFO: Copied source\text.txt to replica\text.txt
2023-04-21 00:56:32,977 INFO: Copied source\NewFile.txt to replica\NewFile.txt
2023-04-21 00:56:32,977 INFO: Copied source\text.txt to replica\text.txt
2023-04-21 00:56:42,991 INFO: Copied source\NewFile.txt to replica\NewFile.txt
2023-04-21 00:56:42,991 INFO: Copied source\text.txt to replica\text.txt
2023-04-21 00:56:53,004 INFO: Copied source\NewFile.txt to replica\NewFile.txt
2023-04-21 00:56:53,005 INFO: Copied source\text.txt to replica\text.txt
2023-04-21 00:57:03,026 INFO: Copied source\NewFile.txt to replica\NewFile.txt
2023-04-21 00:57:03,026 INFO: Copied source\text.txt to replica\text.txt
2023-04-21 00:57:13,033 INFO: Copied source\NewFile.txt to replica\NewFile.txt
2023-04-21 00:57:13,033 INFO: Copied source\text.txt to replica\text.txt
2023-04-21 00:57:23,233 INFO: Copied source\NewFile.txt to replica\NewFile.txt
2023-04-21 00:57:23,233 INFO: Copied source\text.txt to replica\text.txt
2023-04-21 00:57:24,255 INFO: Copied source\NewFile.txt to replica\NewFile.txt
2023-04-21 00:57:24,255 INFO: Copied source\text.txt to replica\text.txt
2023-04-21 00:57:25,266 INFO: Copied source\NewFile.txt to replica\NewFile.txt
2023-04-21 00:57:25,267 INFO: Copied source\text.txt to replica\text.txt
2023-04-21 00:57:26,276 INFO: Copied source\NewFile.txt to replica\NewFile.txt
2023-04-21 00:57:26,276 INFO: Copied source\text.txt to replica\text.txt
2023-04-21 00:57:27,289 INFO: Copied source\NewFile.txt to replica\NewFile.txt
2023-04-21 00:57:27,289 INFO: Copied source\text.txt to replica\text.txt
2023-04-21 00:57:28,298 INFO: Copied source\NewFile.txt to replica\NewFile.txt
2023-04-21 00:57:28,298 INFO: Copied source\text.txt to replica\text.txt
2023-04-21 00:57:29,319 INFO: Copied source\NewFile.txt to replica\NewFile.txt
2023-04-21 00:57:29,319 INFO: Copied source\text.txt to replica\text.txt
2023-04-21 00:57:30,326 INFO: Copied source\NewFile.txt to replica\NewFile.txt
2023-04-21 00:57:30,327 INFO: Copied source\text.txt to replica\text.txt
2023-04-21 00:57:31,341 INFO: Copied source\NewFile.txt to replica\NewFile.txt
2023-04-21 00:57:31,342 INFO: Copied source\text.txt to replica\text.txt
2023-04-21 00:57:32,365 INFO: Copied source\NewFile.txt to replica\NewFile.txt
2023-04-21 00:57:32,366 INFO: Copied source\text.txt to replica\text.txt
2023-04-21 00:57:33,378 INFO: Copied source\NewFile.txt to replica\NewFile.txt
2023-04-21 00:57:33,379 INFO: Copied source\text.txt to replica\text.txt
2023-04-21 00:57:34,388 INFO: Copied source\NewFile.txt to replica\NewFile.txt
2023-04-21 00:57:34,388 INFO: Copied source\text.txt to replica\text.txt
2023-04-21 00:57:35,403 INFO: Copied source\NewFile.txt to replica\NewFile.txt
2023-04-21 00:57:35,403 INFO: Copied source\text.txt to replica\text.txt
2023-04-21 00:57:36,421 INFO: Copied source\NewFile.txt to replica\NewFile.txt
2023-04-21 00:57:36,421 INFO: Copied source\text.txt to replica\text.txt
2023-04-21 00:57:37,437 INFO: Copied source\NewFile.txt to replica\NewFile.txt
2023-04-21 00:57:37,437 INFO: Copied source\text.txt to replica\text.txt
2023-04-21 00:57:38,450 INFO: Copied source\NewFile.txt to replica\NewFile.txt
2023-04-21 00:57:38,451 INFO: Copied source\text.txt to replica\text.txt
2023-04-21 00:57:39,474 INFO: Copied source\NewFile.txt to replica\NewFile.txt
2023-04-21 00:57:39,474 INFO: Copied source\text.txt to replica\text.txt
2023-04-21 00:57:40,486 INFO: Copied source\NewFile.txt to replica\NewFile.txt
2023-04-21 00:57:40,486 INFO: Copied source\text.txt to replica\text.txt
2023-04-21 00:57:41,503 INFO: Copied source\NewFile.txt to replica\NewFile.txt
2023-04-21 00:57:41,503 INFO: Copied source\text.txt to replica\text.txt
2023-04-21 00:57:42,524 INFO: Copied source\NewFile.txt to replica\NewFile.txt
2023-04-21 00:57:42,525 INFO: Copied source\text.txt to replica\text.txt
2023-04-21 00:57:43,537 INFO: Copied source\NewFile.txt to replica\NewFile.txt
2023-04-21 00:57:43,537 INFO: Copied source\text.txt to replica\text.txt
2023-04-21 00:57:44,549 INFO: Copied source\NewFile.txt to replica\NewFile.txt
2023-04-21 00:57:44,549 INFO: Copied source\text.txt to replica\text.txt
2023-04-21 00:57:45,557 INFO: Copied source\NewFile.txt to replica\NewFile.txt
2023-04-21 00:57:45,558 INFO: Copied source\text.txt to replica\text.txt
2023-04-21 00:57:46,565 INFO: Copied source\NewFile.txt to replica\NewFile.txt
2023-04-21 00:57:46,565 INFO: Copied source\text.txt to replica\text.txt
2023-04-21 00:57:47,577 INFO: Copied source\NewFile.txt to replica\NewFile.txt
2023-04-21 00:57:47,578 INFO: Copied source\text.txt to replica\text.txt
2023-04-21 00:57:48,602 INFO: Copied source\NewFile.txt to replica\NewFile.txt
2023-04-21 00:57:48,602 INFO: Copied source\text.txt to replica\text.txt
2023-04-21 00:57:49,621 INFO: Copied source\NewFile.txt to replica\NewFile.txt
2023-04-21 00:57:49,621 INFO: Copied source\text.txt to replica\text.txt
2023-04-21 00:57:50,643 INFO: Copied source\NewFile.txt to replica\NewFile.txt
2023-04-21 00:57:50,643 INFO: Copied source\text.txt to replica\text.txt
2023-04-21 00:57:51,655 INFO: Copied source\NewFile.txt to replica\NewFile.txt
2023-04-21 00:57:51,655 INFO: Copied source\text.txt to replica\text.txt
2023-04-21 00:57:52,675 INFO: Copied source\NewFile.txt to replica\NewFile.txt
2023-04-21 00:57:52,676 INFO: Copied source\text.txt to replica\text.txt
2023-04-21 00:57:53,694 INFO: Copied source\NewFile.txt to replica\NewFile.txt
2023-04-21 00:57:53,695 INFO: Copied source\New Text Document.txt to replica\New Text Document.txt
2023-04-21 00:57:53,703 INFO: Copied source\text.txt to replica\text.txt
2023-04-21 00:57:54,727 INFO: Copied source\NewFile.txt to replica\NewFile.txt
2023-04-21 00:57:54,734 INFO: Copied source\NEW.txt to replica\NEW.txt
2023-04-21 00:57:54,737 INFO: Copied source\text.txt to replica\text.txt
2023-04-21 00:57:54,742 INFO: Removed replica\New Text Document.txt
2023-04-21 00:57:55,760 INFO: Copied source\NewFile.txt to replica\NewFile.txt
2023-04-21 00:57:55,760 INFO: Copied source\NEW.txt to replica\NEW.txt
2023-04-21 00:57:55,762 INFO: Copied source\text.txt to replica\text.txt
2023-04-21 00:57:56,783 INFO: Copied source\NewFile.txt to replica\NewFile.txt
2023-04-21 00:57:56,783 INFO: Copied source\NEW.txt to replica\NEW.txt
2023-04-21 00:57:56,785 INFO: Copied source\text.txt to replica\text.txt
2023-04-21 00:57:57,801 INFO: Copied source\NewFile.txt to replica\NewFile.txt
2023-04-21 00:57:57,801 INFO: Copied source\NEW.txt to replica\NEW.txt
2023-04-21 00:57:57,803 INFO: Copied source\text.txt to replica\text.txt
2023-04-21 00:57:58,821 INFO: Copied source\NewFile.txt to replica\NewFile.txt
2023-04-21 00:57:58,821 INFO: Copied source\NEW.txt to replica\NEW.txt
2023-04-21 00:57:58,822 INFO: Copied source\text.txt to replica\text.txt
2023-04-21 00:57:59,833 INFO: Copied source\NewFile.txt to replica\NewFile.txt
2023-04-21 00:57:59,833 INFO: Copied source\NEW.txt to replica\NEW.txt
2023-04-21 00:57:59,834 INFO: Copied source\text.txt to replica\text.txt
2023-04-21 00:58:00,854 INFO: Copied source\NewFile.txt to replica\NewFile.txt
2023-04-21 00:58:00,854 INFO: Copied source\NEW.txt to replica\NEW.txt
2023-04-21 00:58:00,860 INFO: Copied source\text.txt to replica\text.txt
2023-04-21 00:58:01,865 INFO: Copied source\NewFile.txt to replica\NewFile.txt
2023-04-21 00:58:01,865 INFO: Copied source\NEW.txt to replica\NEW.txt
2023-04-21 00:58:01,866 INFO: Copied source\text.txt to replica\text.txt
2023-04-21 00:58:02,876 INFO: Copied source\NewFile.txt to replica\NewFile.txt
2023-04-21 00:58:02,877 INFO: Copied source\NEW.txt to replica\NEW.txt
2023-04-21 00:58:02,878 INFO: Copied source\text.txt to replica\text.txt
2023-04-21 00:58:03,898 INFO: Copied source\NewFile.txt to replica\NewFile.txt
2023-04-21 00:58:03,898 INFO: Copied source\NEW.txt to replica\NEW.txt
2023-04-21 00:58:03,900 INFO: Copied source\text.txt to replica\text.txt
2023-04-21 00:58:04,909 INFO: Copied source\NewFile.txt to replica\NewFile.txt
2023-04-21 00:58:04,909 INFO: Copied source\NEW.txt to replica\NEW.txt
2023-04-21 00:58:04,910 INFO: Copied source\text.txt to replica\text.txt
2023-04-21 00:58:05,932 INFO: Copied source\NewFile.txt to replica\NewFile.txt
2023-04-21 00:58:05,932 INFO: Copied source\NEW.txt to replica\NEW.txt
2023-04-21 00:58:05,933 INFO: Copied source\text.txt to replica\text.txt
2023-04-21 00:58:06,953 INFO: Copied source\NewFile.txt to replica\NewFile.txt
2023-04-21 00:58:06,954 INFO: Copied source\NEW.txt to replica\NEW.txt
2023-04-21 00:58:06,955 INFO: Copied source\text.txt to replica\text.txt
2023-04-21 00:58:07,964 INFO: Copied source\NewFile.txt to replica\NewFile.txt
2023-04-21 00:58:07,965 INFO: Copied source\NEW.txt to replica\NEW.txt
2023-04-21 00:58:07,966 INFO: Copied source\text.txt to replica\text.txt
2023-04-21 00:58:08,976 INFO: Copied source\NewFile.txt to replica\NewFile.txt
2023-04-21 00:58:08,978 INFO: Copied source\NEW.txt to replica\NEW.txt
2023-04-21 00:58:08,979 INFO: Copied source\text.txt to replica\text.txt
2023-04-21 00:58:09,999 INFO: Copied source\NewFile.txt to replica\NewFile.txt
2023-04-21 00:58:09,999 INFO: Copied source\NEW.txt to replica\NEW.txt
2023-04-21 00:58:10,001 INFO: Copied source\text.txt to replica\text.txt
2023-04-21 00:58:11,012 INFO: Copied source\NewFile.txt to replica\NewFile.txt
2023-04-21 00:58:11,012 INFO: Copied source\NEW.txt to replica\NEW.txt
2023-04-21 00:58:11,013 INFO: Copied source\text.txt to replica\text.txt
2023-04-21 00:58:12,025 INFO: Copied source\NewFile.txt to replica\NewFile.txt
2023-04-21 00:58:12,026 INFO: Copied source\NEW.txt to replica\NEW.txt
2023-04-21 00:58:12,027 INFO: Copied source\text.txt to replica\text.txt
2023-04-21 00:58:13,037 INFO: Copied source\NewFile.txt to replica\NewFile.txt
2023-04-21 00:58:13,038 INFO: Copied source\NEW.txt to replica\NEW.txt
2023-04-21 00:58:13,041 INFO: Copied source\text.txt to replica\text.txt
2023-04-21 00:58:14,063 INFO: Copied source\NewFile.txt to replica\NewFile.txt
2023-04-21 00:58:14,064 INFO: Copied source\NEW.txt to replica\NEW.txt
2023-04-21 00:58:14,065 INFO: Copied source\text.txt to replica\text.txt
2023-04-21 00:58:15,078 INFO: Copied source\NewFile.txt to replica\NewFile.txt
2023-04-21 00:58:15,078 INFO: Copied source\NEW.txt to replica\NEW.txt
2023-04-21 00:58:15,080 INFO: Copied source\text.txt to replica\text.txt
2023-04-21 00:58:16,097 INFO: Copied source\NewFile.txt to replica\NewFile.txt
2023-04-21 00:58:16,098 INFO: Copied source\NEW.txt to replica\NEW.txt
2023-04-21 00:58:16,099 INFO: Copied source\text.txt to replica\text.txt
2023-04-21 00:58:17,112 INFO: Copied source\NewFile.txt to replica\NewFile.txt
2023-04-21 00:58:17,113 INFO: Copied source\NEW.txt to replica\NEW.txt
2023-04-21 00:58:17,115 INFO: Copied source\text.txt to replica\text.txt
2023-04-21 00:58:18,132 INFO: Copied source\NewFile.txt to replica\NewFile.txt
2023-04-21 00:58:18,133 INFO: Copied source\NEW.txt to replica\NEW.txt
2023-04-21 00:58:18,135 INFO: Copied source\text.txt to replica\text.txt
2023-04-21 00:58:19,149 INFO: Copied source\NewFile.txt to replica\NewFile.txt
2023-04-21 00:58:19,150 INFO: Copied source\NEW.txt to replica\NEW.txt
2023-04-21 00:58:19,151 INFO: Copied source\text.txt to replica\text.txt
2023-04-21 00:58:20,178 INFO: Copied source\NewFile.txt to replica\NewFile.txt
2023-04-21 00:58:20,178 INFO: Copied source\NEW.txt to replica\NEW.txt
2023-04-21 00:58:20,180 INFO: Copied source\text.txt to replica\text.txt
2023-04-21 00:58:21,202 INFO: Copied source\NewFile.txt to replica\NewFile.txt
2023-04-21 00:58:21,203 INFO: Copied source\NEW.txt to replica\NEW.txt
2023-04-21 00:58:21,205 INFO: Copied source\text.txt to replica\text.txt
2023-04-21 00:58:22,221 INFO: Copied source\NewFile.txt to replica\NewFile.txt
2023-04-21 00:58:22,222 INFO: Copied source\NEW.txt to replica\NEW.txt
2023-04-21 00:58:22,224 INFO: Copied source\text.txt to replica\text.txt
2023-04-21 00:58:23,237 INFO: Copied source\NewFile.txt to replica\NewFile.txt
2023-04-21 00:58:23,237 INFO: Copied source\NEW.txt to replica\NEW.txt
2023-04-21 00:58:23,238 INFO: Copied source\text.txt to replica\text.txt
2023-04-21 00:58:24,246 INFO: Copied source\NewFile.txt to replica\NewFile.txt
2023-04-21 00:58:24,246 INFO: Copied source\NEW.txt to replica\NEW.txt
2023-04-21 00:58:24,248 INFO: Copied source\text.txt to replica\text.txt
2023-04-21 00:58:25,256 INFO: Copied source\NewFile.txt to replica\NewFile.txt
2023-04-21 00:58:25,257 INFO: Copied source\NEW.txt to replica\NEW.txt
2023-04-21 00:58:25,260 INFO: Copied source\text.txt to replica\text.txt
2023-04-21 00:58:26,283 INFO: Copied source\NewFile.txt to replica\NewFile.txt
2023-04-21 00:58:26,287 INFO: Copied source\NEW.txt to replica\NEW.txt
2023-04-21 00:58:26,290 INFO: Copied source\text.txt to replica\text.txt
2023-04-21 00:58:27,305 INFO: Copied source\NEW.txt to replica\NEW.txt
2023-04-21 00:58:27,306 INFO: Removed replica\NewFile.txt
2023-04-21 00:58:27,308 INFO: Removed replica\text.txt
2023-04-21 00:58:28,315 INFO: Copied source\NEW.txt to replica\NEW.txt
2023-04-21 00:58:29,322 INFO: Copied source\NEW.txt to replica\NEW.txt
2023-04-21 00:58:30,327 INFO: Copied source\NEW.txt to replica\NEW.txt
2023-04-21 00:58:31,334 INFO: Copied source\NEW.txt to replica\NEW.txt
2023-04-21 00:58:32,345 INFO: Copied source\NEW.txt to replica\NEW.txt
2023-04-21 00:58:33,376 INFO: Copied source\NEW.txt to replica\NEW.txt
2023-04-21 00:58:34,431 INFO: Copied source\NEW.txt to replica\NEW.txt
2023-04-21 00:58:35,437 INFO: Copied source\NEW.txt to replica\NEW.txt
2023-04-21 00:58:36,447 INFO: Copied source\NEW.txt to replica\NEW.txt
2023-04-21 00:58:37,455 INFO: Copied source\NEW.txt to replica\NEW.txt
2023-04-21 00:58:38,465 INFO: Copied source\NEW.txt to replica\NEW.txt
2023-04-21 00:58:39,479 INFO: Copied source\NEW.txt to replica\NEW.txt
2023-04-21 00:58:40,492 INFO: Copied source\NEW.txt to replica\NEW.txt
2023-04-21 00:58:41,497 INFO: Copied source\NEW.txt to replica\NEW.txt
2023-04-21 00:58:42,521 INFO: Copied source\NEW.txt to replica\NEW.txt
2023-04-21 00:58:43,527 INFO: Copied source\NEW.txt to replica\NEW.txt
2023-04-21 00:58:44,536 INFO: Copied source\NEW.txt to replica\NEW.txt
2023-04-21 00:58:45,548 INFO: Copied source\NEW.txt to replica\NEW.txt
2023-04-21 00:58:46,559 INFO: Copied source\NEW.txt to replica\NEW.txt
2023-04-21 00:58:47,571 INFO: Copied source\NEW.txt to replica\NEW.txt
2023-04-21 00:58:48,580 INFO: Copied source\NEW.txt to replica\NEW.txt
2023-04-21 00:58:49,589 INFO: Copied source\NEW.txt to replica\NEW.txt
2023-04-21 00:58:50,600 INFO: Copied source\NEW.txt to replica\NEW.txt
2023-04-21 00:58:51,612 INFO: Copied source\NEW.txt to replica\NEW.txt
2023-04-21 00:58:52,621 INFO: Copied source\NEW.txt to replica\NEW.txt
2023-04-21 00:58:53,627 INFO: Copied source\NEW.txt to replica\NEW.txt
2023-04-21 00:58:54,639 INFO: Copied source\NEW.txt to replica\NEW.txt
2023-04-21 00:58:55,647 INFO: Copied source\NEW.txt to replica\NEW.txt
2023-04-21 00:58:56,665 INFO: Copied source\NEW.txt to replica\NEW.txt
2023-04-21 00:58:57,677 INFO: Copied source\NEW.txt to replica\NEW.txt
2023-04-21 00:58:58,684 INFO: Copied source\NEW.txt to replica\NEW.txt
2023-04-21 00:58:59,697 INFO: Copied source\NEW.txt to replica\NEW.txt
2023-04-21 00:59:00,710 INFO: Copied source\NEW.txt to replica\NEW.txt
2023-04-21 00:59:01,719 INFO: Copied source\NEW.txt to replica\NEW.txt
2023-04-21 00:59:02,727 INFO: Copied source\NEW.txt to replica\NEW.txt
2023-04-21 00:59:03,739 INFO: Copied source\NEW.txt to replica\NEW.txt
2023-04-21 00:59:04,756 INFO: Copied source\NEW.txt to replica\NEW.txt
2023-04-21 00:59:05,763 INFO: Copied source\NEW.txt to replica\NEW.txt
2023-04-21 00:59:06,771 INFO: Copied source\NEW.txt to replica\NEW.txt
2023-04-21 00:59:07,780 INFO: Copied source\NEW.txt to replica\NEW.txt
2023-04-21 00:59:08,788 INFO: Copied source\NEW.txt to replica\NEW.txt
2023-04-21 00:59:09,798 INFO: Copied source\NEW.txt to replica\NEW.txt
2023-04-21 00:59:10,806 INFO: Copied source\NEW.txt to replica\NEW.txt
2023-04-21 00:59:11,821 INFO: Copied source\NEW.txt to replica\NEW.txt
2023-04-21 00:59:12,829 INFO: Copied source\NEW.txt to replica\NEW.txt
2023-04-21 00:59:13,836 INFO: Copied source\NEW.txt to replica\NEW.txt
2023-04-21 00:59:14,841 INFO: Copied source\NEW.txt to replica\NEW.txt
2023-04-21 00:59:15,855 INFO: Copied source\NEW.txt to replica\NEW.txt
2023-04-21 00:59:16,872 INFO: Copied source\NEW.txt to replica\NEW.txt
2023-04-21 00:59:17,881 INFO: Copied source\NEW.txt to replica\NEW.txt
2023-04-21 00:59:18,897 INFO: Copied source\NEW.txt to replica\NEW.txt
2023-04-21 00:59:19,910 INFO: Copied source\NEW.txt to replica\NEW.txt
2023-04-21 00:59:20,921 INFO: Copied source\NEW.txt to replica\NEW.txt
2023-04-21 00:59:21,928 INFO: Copied source\NEW.txt to replica\NEW.txt
2023-04-21 00:59:22,936 INFO: Copied source\NEW.txt to replica\NEW.txt
2023-04-21 00:59:23,942 INFO: Copied source\NEW.txt to replica\NEW.txt
2023-04-21 00:59:24,954 INFO: Copied source\NEW.txt to replica\NEW.txt
2023-04-21 00:59:25,961 INFO: Copied source\NEW.txt to replica\NEW.txt
2023-04-21 00:59:26,978 INFO: Copied source\NEW.txt to replica\NEW.txt
2023-04-21 00:59:27,992 INFO: Copied source\NEW.txt to replica\NEW.txt
2023-04-21 00:59:28,997 INFO: Copied source\NEW.txt to replica\NEW.txt
2023-04-21 00:59:30,012 INFO: Copied source\NEW.txt to replica\NEW.txt
2023-04-21 00:59:31,021 INFO: Copied source\NEW.txt to replica\NEW.txt
2023-04-21 00:59:32,033 INFO: Copied source\NEW.txt to replica\NEW.txt
2023-04-21 00:59:33,055 INFO: Copied source\NEW.txt to replica\NEW.txt
2023-04-21 00:59:34,072 INFO: Copied source\NEW.txt to replica\NEW.txt
2023-04-21 00:59:35,078 INFO: Copied source\NEW.txt to replica\NEW.txt
2023-04-21 00:59:36,090 INFO: Copied source\NEW.txt to replica\NEW.txt
2023-04-21 00:59:37,101 INFO: Copied source\NEW.txt to replica\NEW.txt
2023-04-21 00:59:38,111 INFO: Copied source\NEW.txt to replica\NEW.txt
2023-04-21 00:59:39,129 INFO: Copied source\NEW.txt to replica\NEW.txt
2023-04-21 00:59:40,141 INFO: Copied source\NEW.txt to replica\NEW.txt
2023-04-21 00:59:41,151 INFO: Copied source\NEW.txt to replica\NEW.txt
2023-04-21 00:59:42,160 INFO: Copied source\NEW.txt to replica\NEW.txt
2023-04-21 00:59:43,173 INFO: Copied source\NEW.txt to replica\NEW.txt
2023-04-21 00:59:44,182 INFO: Copied source\NEW.txt to replica\NEW.txt
2023-04-21 00:59:45,195 INFO: Copied source\NEW.txt to replica\NEW.txt
2023-04-21 00:59:46,206 INFO: Copied source\NEW.txt to replica\NEW.txt
2023-04-21 00:59:47,230 INFO: Copied source\NEW.txt to replica\NEW.txt
2023-04-21 00:59:48,239 INFO: Copied source\NEW.txt to replica\NEW.txt
2023-04-21 00:59:49,261 INFO: Copied source\NEW.txt to replica\NEW.txt
2023-04-21 00:59:50,272 INFO: Copied source\NEW.txt to replica\NEW.txt
2023-04-21 00:59:51,280 INFO: Copied source\NEW.txt to replica\NEW.txt
2023-04-21 00:59:52,292 INFO: Copied source\NEW.txt to replica\NEW.txt
2023-04-21 00:59:53,305 INFO: Copied source\NEW.txt to replica\NEW.txt
2023-04-21 00:59:54,322 INFO: Copied source\NEW.txt to replica\NEW.txt
2023-04-21 00:59:55,345 INFO: Copied source\NEW.txt to replica\NEW.txt
2023-04-21 00:59:56,354 INFO: Copied source\NEW.txt to replica\NEW.txt
2023-04-21 00:59:57,366 INFO: Copied source\NEW.txt to replica\NEW.txt
2023-04-21 00:59:58,375 INFO: Copied source\NEW.txt to replica\NEW.txt
2023-04-21 00:59:59,387 INFO: Copied source\NEW.txt to replica\NEW.txt
2023-04-21 01:00:00,401 INFO: Copied source\NEW.txt to replica\NEW.txt
2023-04-21 01:00:01,408 INFO: Copied source\NEW.txt to replica\NEW.txt
2023-04-21 01:00:02,466 INFO: Copied source\NEW.txt to replica\NEW.txt
2023-04-21 01:00:03,477 INFO: Copied source\NEW.txt to replica\NEW.txt
2023-04-21 01:00:04,486 INFO: Copied source\NEW.txt to replica\NEW.txt
2023-04-21 01:00:05,495 INFO: Copied source\NEW.txt to replica\NEW.txt
2023-04-21 01:00:06,502 INFO: Copied source\NEW.txt to replica\NEW.txt
2023-04-21 01:00:07,516 INFO: Copied source\NEW.txt to replica\NEW.txt
2023-04-21 01:00:08,525 INFO: Copied source\NEW.txt to replica\NEW.txt
2023-04-21 01:00:09,533 INFO: Copied source\NEW.txt to replica\NEW.txt
2023-04-21 01:00:10,541 INFO: Copied source\NEW.txt to replica\NEW.txt
2023-04-21 01:00:11,557 INFO: Copied source\NEW.txt to replica\NEW.txt
2023-04-21 01:00:12,572 INFO: Copied source\NEW.txt to replica\NEW.txt
2023-04-21 01:00:13,582 INFO: Copied source\NEW.txt to replica\NEW.txt
2023-04-21 01:00:14,591 INFO: Copied source\NEW.txt to replica\NEW.txt
2023-04-21 01:00:15,597 INFO: Copied source\NEW.txt to replica\NEW.txt
2023-04-21 01:00:16,612 INFO: Copied source\NEW.txt to replica\NEW.txt
2023-04-21 01:00:17,622 INFO: Copied source\NEW.txt to replica\NEW.txt
2023-04-21 01:00:18,631 INFO: Copied source\NEW.txt to replica\NEW.txt
2023-04-21 01:00:19,645 INFO: Copied source\NEW.txt to replica\NEW.txt
2023-04-21 01:00:20,656 INFO: Copied source\NEW.txt to replica\NEW.txt
2023-04-21 01:00:21,665 INFO: Copied source\NEW.txt to replica\NEW.txt
2023-04-21 01:00:22,679 INFO: Copied source\NEW.txt to replica\NEW.txt
2023-04-21 01:00:23,687 INFO: Copied source\NEW.txt to replica\NEW.txt
2023-04-21 01:00:24,700 INFO: Copied source\NEW.txt to replica\NEW.txt
2023-04-21 01:00:25,748 INFO: Copied source\NEW.txt to replica\NEW.txt
2023-04-21 01:00:26,759 INFO: Copied source\NEW.txt to replica\NEW.txt
2023-04-21 01:00:27,771 INFO: Copied source\NEW.txt to replica\NEW.txt
2023-04-21 01:00:28,789 INFO: Copied source\NEW.txt to replica\NEW.txt
2023-04-21 01:00:29,796 INFO: Copied source\NEW.txt to replica\NEW.txt
2023-04-21 01:00:30,804 INFO: Copied source\NEW.txt to replica\NEW.txt
2023-04-21 01:00:31,814 INFO: Copied source\NEW.txt to replica\NEW.txt
2023-04-21 01:00:32,827 INFO: Copied source\NEW.txt to replica\NEW.txt
2023-04-21 01:00:33,842 INFO: Copied source\NEW.txt to replica\NEW.txt
2023-04-21 01:00:34,853 INFO: Copied source\NEW.txt to replica\NEW.txt
2023-04-21 01:00:35,864 INFO: Copied source\NEW.txt to replica\NEW.txt
2023-04-21 01:00:36,892 INFO: Copied source\NEW.txt to replica\NEW.txt
2023-04-21 01:00:37,902 INFO: Copied source\NEW.txt to replica\NEW.txt
2023-04-21 01:00:38,909 INFO: Copied source\NEW.txt to replica\NEW.txt
2023-04-21 01:00:39,919 INFO: Copied source\NEW.txt to replica\NEW.txt
2023-04-21 01:00:40,929 INFO: Copied source\NEW.txt to replica\NEW.txt
2023-04-21 01:00:41,943 INFO: Copied source\NEW.txt to replica\NEW.txt
2023-04-21 01:00:42,955 INFO: Copied source\NEW.txt to replica\NEW.txt
2023-04-21 01:00:43,968 INFO: Copied source\NEW.txt to replica\NEW.txt
2023-04-21 01:00:44,980 INFO: Copied source\NEW.txt to replica\NEW.txt
2023-04-21 01:00:45,988 INFO: Copied source\NEW.txt to replica\NEW.txt
2023-04-21 01:00:47,001 INFO: Copied source\NEW.txt to replica\NEW.txt
2023-04-21 01:00:48,020 INFO: Copied source\NEW.txt to replica\NEW.txt
2023-04-21 01:00:49,031 INFO: Copied source\NEW.txt to replica\NEW.txt
2023-04-21 01:00:50,043 INFO: Copied source\NEW.txt to replica\NEW.txt
2023-04-21 01:00:51,055 INFO: Copied source\NEW.txt to replica\NEW.txt
2023-04-21 01:00:52,070 INFO: Copied source\NEW.txt to replica\NEW.txt
2023-04-21 01:00:53,080 INFO: Copied source\NEW.txt to replica\NEW.txt
2023-04-21 01:00:54,094 INFO: Copied source\NEW.txt to replica\NEW.txt
2023-04-21 01:00:55,108 INFO: Copied source\NEW.txt to replica\NEW.txt
2023-04-21 01:00:56,119 INFO: Copied source\NEW.txt to replica\NEW.txt
2023-04-21 01:00:57,130 INFO: Copied source\NEW.txt to replica\NEW.txt
2023-04-21 01:00:58,138 INFO: Copied source\NEW.txt to replica\NEW.txt
2023-04-21 01:00:59,151 INFO: Copied source\NEW.txt to replica\NEW.txt
2023-04-21 01:01:00,165 INFO: Copied source\NEW.txt to replica\NEW.txt
2023-04-21 01:01:01,174 INFO: Copied source\NEW.txt to replica\NEW.txt
2023-04-21 01:01:02,191 INFO: Copied source\NEW.txt to replica\NEW.txt
2023-04-21 01:01:03,207 INFO: Copied source\NEW.txt to replica\NEW.txt
2023-04-21 01:01:04,239 INFO: Copied source\NEW.txt to replica\NEW.txt
2023-04-21 01:01:05,247 INFO: Copied source\NEW.txt to replica\NEW.txt
2023-04-21 01:01:06,258 INFO: Copied source\NEW.txt to replica\NEW.txt
2023-04-21 01:01:07,271 INFO: Copied source\NEW.txt to replica\NEW.txt
2023-04-21 01:01:08,282 INFO: Copied source\NEW.txt to replica\NEW.txt
2023-04-21 01:01:09,291 INFO: Copied source\NEW.txt to replica\NEW.txt
2023-04-21 01:01:10,297 INFO: Copied source\NEW.txt to replica\NEW.txt
2023-04-21 01:01:11,308 INFO: Copied source\NEW.txt to replica\NEW.txt
2023-04-21 01:01:12,319 INFO: Copied source\NEW.txt to replica\NEW.txt
2023-04-21 01:01:13,337 INFO: Copied source\NEW.txt to replica\NEW.txt
2023-04-21 01:01:14,343 INFO: Copied source\NEW.txt to replica\NEW.txt
2023-04-21 01:01:15,352 INFO: Copied source\NEW.txt to replica\NEW.txt
2023-04-21 01:01:16,367 INFO: Copied source\NEW.txt to replica\NEW.txt
2023-04-21 01:01:17,380 INFO: Copied source\NEW.txt to replica\NEW.txt
2023-04-21 01:01:18,389 INFO: Copied source\NEW.txt to replica\NEW.txt
2023-04-21 01:01:19,401 INFO: Copied source\NEW.txt to replica\NEW.txt
2023-04-21 01:01:20,405 INFO: Copied source\NEW.txt to replica\NEW.txt
2023-04-21 01:01:21,417 INFO: Copied source\NEW.txt to replica\NEW.txt
2023-04-21 01:01:22,432 INFO: Copied source\NEW.txt to replica\NEW.txt
2023-04-21 01:01:23,444 INFO: Copied source\NEW.txt to replica\NEW.txt
2023-04-21 01:01:24,453 INFO: Copied source\NEW.txt to replica\NEW.txt
2023-04-21 01:01:25,461 INFO: Copied source\NEW.txt to replica\NEW.txt
2023-04-21 01:01:26,469 INFO: Copied source\NEW.txt to replica\NEW.txt
2023-04-21 01:01:27,482 INFO: Copied source\NEW.txt to replica\NEW.txt
2023-04-21 01:01:28,499 INFO: Copied source\NEW.txt to replica\NEW.txt
2023-04-21 01:01:29,515 INFO: Copied source\NEW.txt to replica\NEW.txt
2023-04-21 01:01:30,523 INFO: Copied source\NEW.txt to replica\NEW.txt
2023-04-21 01:01:31,534 INFO: Copied source\NEW.txt to replica\NEW.txt
2023-04-21 01:01:32,545 INFO: Copied source\NEW.txt to replica\NEW.txt
2023-04-21 01:01:33,556 INFO: Copied source\NEW.txt to replica\NEW.txt
2023-04-21 01:01:34,572 INFO: Copied source\NEW.txt to replica\NEW.txt
2023-04-21 01:01:35,588 INFO: Copied source\NEW.txt to replica\NEW.txt
2023-04-21 01:01:36,599 INFO: Copied source\NEW.txt to replica\NEW.txt
2023-04-21 01:01:37,609 INFO: Copied source\NEW.txt to replica\NEW.txt
2023-04-21 01:01:38,619 INFO: Copied source\NEW.txt to replica\NEW.txt
2023-04-21 01:01:39,639 INFO: Copied source\NEW.txt to replica\NEW.txt
2023-04-21 01:01:40,648 INFO: Copied source\NEW.txt to replica\NEW.txt
2023-04-21 01:01:41,665 INFO: Copied source\NEW.txt to replica\NEW.txt
2023-04-21 01:01:42,672 INFO: Copied source\NEW.txt to replica\NEW.txt
2023-04-21 01:01:43,682 INFO: Copied source\NEW.txt to replica\NEW.txt
2023-04-21 01:01:44,694 INFO: Copied source\NEW.txt to replica\NEW.txt
2023-04-21 01:01:45,708 INFO: Copied source\NEW.txt to replica\NEW.txt
2023-04-21 01:01:46,720 INFO: Copied source\NEW.txt to replica\NEW.txt
2023-04-21 01:01:47,731 INFO: Copied source\NEW.txt to replica\NEW.txt
2023-04-21 01:01:48,742 INFO: Copied source\NEW.txt to replica\NEW.txt
2023-04-21 01:01:49,756 INFO: Copied source\NEW.txt to replica\NEW.txt
2023-04-21 01:01:50,777 INFO: Copied source\NEW.txt to replica\NEW.txt
2023-04-21 01:01:51,797 INFO: Copied source\NEW.txt to replica\NEW.txt
2023-04-21 01:01:52,806 INFO: Copied source\NEW.txt to replica\NEW.txt
2023-04-21 01:01:53,852 INFO: Copied source\NEW.txt to replica\NEW.txt
2023-04-21 01:01:54,861 INFO: Copied source\NEW.txt to replica\NEW.txt
2023-04-21 01:01:55,882 INFO: Copied source\NEW.txt to replica\NEW.txt
2023-04-21 01:01:56,894 INFO: Copied source\NEW.txt to replica\NEW.txt
2023-04-21 01:01:57,912 INFO: Copied source\NEW.txt to replica\NEW.txt
2023-04-21 01:01:58,921 INFO: Copied source\NEW.txt to replica\NEW.txt
2023-04-21 01:01:59,931 INFO: Copied source\NEW.txt to replica\NEW.txt
2023-04-21 01:02:00,945 INFO: Copied source\NEW.txt to replica\NEW.txt
2023-04-21 01:02:01,959 INFO: Copied source\NEW.txt to replica\NEW.txt
2023-04-21 01:02:02,972 INFO: Copied source\NEW.txt to replica\NEW.txt
2023-04-21 01:02:03,998 INFO: Copied source\NEW.txt to replica\NEW.txt
2023-04-21 01:02:05,011 INFO: Copied source\NEW.txt to replica\NEW.txt
2023-04-21 01:02:06,026 INFO: Copied source\NEW.txt to replica\NEW.txt
2023-04-21 01:02:07,039 INFO: Copied source\NEW.txt to replica\NEW.txt
2023-04-21 01:02:08,049 INFO: Copied source\NEW.txt to replica\NEW.txt
2023-04-21 01:02:09,061 INFO: Copied source\NEW.txt to replica\NEW.txt
2023-04-21 01:02:10,072 INFO: Copied source\NEW.txt to replica\NEW.txt
2023-04-21 01:02:11,079 INFO: Copied source\NEW.txt to replica\NEW.txt
2023-04-21 01:02:12,098 INFO: Copied source\NEW.txt to replica\NEW.txt
2023-04-21 01:02:13,113 INFO: Copied source\NEW.txt to replica\NEW.txt
2023-04-21 01:02:14,117 INFO: Copied source\NEW.txt to replica\NEW.txt
2023-04-21 01:02:15,133 INFO: Copied source\NEW.txt to replica\NEW.txt
2023-04-21 01:02:16,149 INFO: Copied source\NEW.txt to replica\NEW.txt
2023-04-21 01:02:17,154 INFO: Copied source\NEW.txt to replica\NEW.txt
2023-04-21 01:02:18,183 INFO: Copied source\NEW.txt to replica\NEW.txt
2023-04-21 01:02:19,211 INFO: Copied source\NEW.txt to replica\NEW.txt
2023-04-21 01:02:20,224 INFO: Copied source\NEW.txt to replica\NEW.txt
2023-04-21 01:02:21,229 INFO: Copied source\NEW.txt to replica\NEW.txt
2023-04-21 01:02:22,234 INFO: Copied source\NEW.txt to replica\NEW.txt
2023-04-21 01:02:23,243 INFO: Copied source\NEW.txt to replica\NEW.txt
2023-04-21 01:02:24,257 INFO: Copied source\NEW.txt to replica\NEW.txt
2023-04-21 01:02:25,266 INFO: Copied source\NEW.txt to replica\NEW.txt
2023-04-21 01:02:26,279 INFO: Copied source\NEW.txt to replica\NEW.txt
2023-04-21 01:02:27,315 INFO: Copied source\NEW.txt to replica\NEW.txt
2023-04-21 01:02:28,328 INFO: Copied source\NEW.txt to replica\NEW.txt
2023-04-21 01:02:29,337 INFO: Copied source\NEW.txt to replica\NEW.txt
2023-04-21 01:02:30,346 INFO: Copied source\NEW.txt to replica\NEW.txt
2023-04-21 01:02:31,354 INFO: Copied source\NEW.txt to replica\NEW.txt
2023-04-21 01:02:32,374 INFO: Copied source\NEW.txt to replica\NEW.txt
2023-04-21 01:02:33,380 INFO: Copied source\NEW.txt to replica\NEW.txt
2023-04-21 01:02:34,393 INFO: Copied source\NEW.txt to replica\NEW.txt
2023-04-21 01:02:35,410 INFO: Copied source\NEW.txt to replica\NEW.txt
2023-04-21 01:02:36,422 INFO: Copied source\NEW.txt to replica\NEW.txt
2023-04-21 01:02:37,432 INFO: Copied source\NEW.txt to replica\NEW.txt
2023-04-21 01:02:38,439 INFO: Copied source\NEW.txt to replica\NEW.txt
2023-04-21 01:02:39,454 INFO: Copied source\NEW.txt to replica\NEW.txt
2023-04-21 01:02:40,465 INFO: Copied source\NEW.txt to replica\NEW.txt
2023-04-21 01:02:41,481 INFO: Copied source\NEW.txt to replica\NEW.txt
2023-04-21 01:02:42,486 INFO: Copied source\NEW.txt to replica\NEW.txt
2023-04-21 01:02:43,494 INFO: Copied source\NEW.txt to replica\NEW.txt
2023-04-21 01:02:44,515 INFO: Copied source\NEW.txt to replica\NEW.txt
2023-04-21 01:02:45,527 INFO: Copied source\NEW.txt to replica\NEW.txt
2023-04-21 01:02:46,537 INFO: Copied source\NEW.txt to replica\NEW.txt
2023-04-21 01:02:47,548 INFO: Copied source\NEW.txt to replica\NEW.txt
2023-04-21 01:02:48,555 INFO: Copied source\NEW.txt to replica\NEW.txt
2023-04-21 01:02:49,565 INFO: Copied source\NEW.txt to replica\NEW.txt
2023-04-21 01:02:50,571 INFO: Copied source\NEW.txt to replica\NEW.txt
2023-04-21 01:02:51,579 INFO: Copied source\NEW.txt to replica\NEW.txt
2023-04-21 01:02:52,590 INFO: Copied source\NEW.txt to replica\NEW.txt
2023-04-21 01:02:53,594 INFO: Copied source\NEW.txt to replica\NEW.txt
2023-04-21 01:02:54,599 INFO: Copied source\NEW.txt to replica\NEW.txt
2023-04-21 01:02:55,606 INFO: Copied source\NEW.txt to replica\NEW.txt
2023-04-21 01:02:56,621 INFO: Copied source\NEW.txt to replica\NEW.txt
2023-04-21 01:02:57,632 INFO: Copied source\NEW.txt to replica\NEW.txt
2023-04-21 01:02:58,646 INFO: Copied source\NEW.txt to replica\NEW.txt
2023-04-21 01:02:59,657 INFO: Copied source\NEW.txt to replica\NEW.txt
2023-04-21 01:03:00,669 INFO: Copied source\NEW.txt to replica\NEW.txt
2023-04-21 01:03:01,678 INFO: Copied source\NEW.txt to replica\NEW.txt
2023-04-21 01:03:02,689 INFO: Copied source\NEW.txt to replica\NEW.txt
2023-04-21 01:03:03,702 INFO: Copied source\NEW.txt to replica\NEW.txt
2023-04-21 01:03:04,713 INFO: Copied source\NEW.txt to replica\NEW.txt
2023-04-21 01:03:05,724 INFO: Copied source\NEW.txt to replica\NEW.txt
2023-04-21 01:03:06,735 INFO: Copied source\NEW.txt to replica\NEW.txt
2023-04-21 01:03:07,751 INFO: Copied source\NEW.txt to replica\NEW.txt
2023-04-21 01:03:08,754 INFO: Copied source\NEW.txt to replica\NEW.txt
2023-04-21 01:03:09,771 INFO: Copied source\NEW.txt to replica\NEW.txt
2023-04-21 01:03:10,782 INFO: Copied source\NEW.txt to replica\NEW.txt
2023-04-21 01:03:11,791 INFO: Copied source\NEW.txt to replica\NEW.txt
2023-04-21 01:03:12,803 INFO: Copied source\NEW.txt to replica\NEW.txt
2023-04-21 01:03:13,824 INFO: Copied source\NEW.txt to replica\NEW.txt
2023-04-21 01:03:14,844 INFO: Copied source\NEW.txt to replica\NEW.txt
2023-04-21 01:03:15,858 INFO: Copied source\NEW.txt to replica\NEW.txt
2023-04-21 01:03:16,869 INFO: Copied source\NEW.txt to replica\NEW.txt
2023-04-21 01:03:17,881 INFO: Copied source\NEW.txt to replica\NEW.txt
2023-04-21 01:03:18,890 INFO: Copied source\NEW.txt to replica\NEW.txt
2023-04-21 01:03:19,908 INFO: Copied source\NEW.txt to replica\NEW.txt
2023-04-21 01:03:20,921 INFO: Copied source\NEW.txt to replica\NEW.txt
2023-04-21 01:03:21,932 INFO: Copied source\NEW.txt to replica\NEW.txt
2023-04-21 01:03:22,948 INFO: Copied source\NEW.txt to replica\NEW.txt
2023-04-21 01:03:23,970 INFO: Copied source\NEW.txt to replica\NEW.txt
2023-04-21 01:03:24,976 INFO: Copied source\NEW.txt to replica\NEW.txt
2023-04-21 01:03:25,987 INFO: Copied source\NEW.txt to replica\NEW.txt
2023-04-21 01:03:26,999 INFO: Copied source\NEW.txt to replica\NEW.txt
2023-04-21 01:03:28,016 INFO: Copied source\NEW.txt to replica\NEW.txt
2023-04-21 01:03:29,024 INFO: Copied source\NEW.txt to replica\NEW.txt
2023-04-21 01:03:30,036 INFO: Copied source\NEW.txt to replica\NEW.txt
2023-04-21 01:03:31,053 INFO: Copied source\NEW.txt to replica\NEW.txt
2023-04-21 01:03:32,068 INFO: Copied source\NEW.txt to replica\NEW.txt
2023-04-21 01:03:33,083 INFO: Copied source\NEW.txt to replica\NEW.txt
2023-04-21 01:03:34,093 INFO: Copied source\NEW.txt to replica\NEW.txt
2023-04-21 01:03:35,112 INFO: Copied source\NEW.txt to replica\NEW.txt
2023-04-21 01:03:36,120 INFO: Copied source\NEW.txt to replica\NEW.txt
2023-04-21 01:03:37,130 INFO: Copied source\NEW.txt to replica\NEW.txt
2023-04-21 01:03:38,141 INFO: Copied source\NEW.txt to replica\NEW.txt
2023-04-21 01:03:39,152 INFO: Copied source\NEW.txt to replica\NEW.txt
2023-04-21 01:03:40,160 INFO: Copied source\NEW.txt to replica\NEW.txt
2023-04-21 01:03:41,175 INFO: Copied source\NEW.txt to replica\NEW.txt
2023-04-21 01:03:42,185 INFO: Copied source\NEW.txt to replica\NEW.txt
2023-04-21 01:03:43,198 INFO: Copied source\NEW.txt to replica\NEW.txt
2023-04-21 01:03:44,204 INFO: Copied source\NEW.txt to replica\NEW.txt
2023-04-21 01:03:45,218 INFO: Copied source\NEW.txt to replica\NEW.txt
2023-04-21 01:03:46,227 INFO: Copied source\NEW.txt to replica\NEW.txt
2023-04-21 01:03:47,237 INFO: Copied source\NEW.txt to replica\NEW.txt
2023-04-21 01:03:48,253 INFO: Copied source\NEW.txt to replica\NEW.txt
2023-04-21 01:03:49,256 INFO: Copied source\NEW.txt to replica\NEW.txt
2023-04-21 01:03:50,267 INFO: Copied source\NEW.txt to replica\NEW.txt
2023-04-21 01:03:51,282 INFO: Copied source\NEW.txt to replica\NEW.txt
2023-04-21 01:03:52,301 INFO: Copied source\NEW.txt to replica\NEW.txt
2023-04-21 01:03:53,321 INFO: Copied source\NEW.txt to replica\NEW.txt
2023-04-21 01:03:54,334 INFO: Copied source\NEW.txt to replica\NEW.txt
2023-04-21 01:03:55,347 INFO: Copied source\NEW.txt to replica\NEW.txt
2023-04-21 01:03:56,364 INFO: Copied source\NEW.txt to replica\NEW.txt
2023-04-21 01:03:57,383 INFO: Copied source\NEW.txt to replica\NEW.txt
2023-04-21 01:03:58,395 INFO: Copied source\NEW.txt to replica\NEW.txt
2023-04-21 01:03:59,405 INFO: Copied source\NEW.txt to replica\NEW.txt
2023-04-21 01:04:00,419 INFO: Copied source\NEW.txt to replica\NEW.txt
2023-04-21 01:04:01,436 INFO: Copied source\NEW.txt to replica\NEW.txt
2023-04-21 01:04:02,453 INFO: Copied source\NEW.txt to replica\NEW.txt
2023-04-21 01:04:03,459 INFO: Copied source\NEW.txt to replica\NEW.txt
2023-04-21 01:04:04,470 INFO: Copied source\NEW.txt to replica\NEW.txt
2023-04-21 01:04:05,479 INFO: Copied source\NEW.txt to replica\NEW.txt
2023-04-21 01:04:06,485 INFO: Copied source\NEW.txt to replica\NEW.txt
2023-04-21 01:04:07,493 INFO: Copied source\NEW.txt to replica\NEW.txt
2023-04-21 01:04:08,515 INFO: Copied source\NEW.txt to replica\NEW.txt
2023-04-21 01:04:09,527 INFO: Copied source\NEW.txt to replica\NEW.txt
2023-04-21 01:04:10,535 INFO: Copied source\NEW.txt to replica\NEW.txt
2023-04-21 01:04:11,552 INFO: Copied source\NEW.txt to replica\NEW.txt
2023-04-21 01:04:12,564 INFO: Copied source\NEW.txt to replica\NEW.txt
2023-04-21 01:04:13,582 INFO: Copied source\NEW.txt to replica\NEW.txt
2023-04-21 01:04:14,598 INFO: Copied source\NEW.txt to replica\NEW.txt
2023-04-21 01:04:15,610 INFO: Copied source\NEW.txt to replica\NEW.txt
2023-04-21 01:04:16,619 INFO: Copied source\NEW.txt to replica\NEW.txt
2023-04-21 01:04:17,637 INFO: Copied source\NEW.txt to replica\NEW.txt
2023-04-21 01:04:18,643 INFO: Copied source\NEW.txt to replica\NEW.txt
2023-04-21 01:04:19,657 INFO: Copied source\NEW.txt to replica\NEW.txt
2023-04-21 01:04:20,664 INFO: Copied source\NEW.txt to replica\NEW.txt
2023-04-21 01:04:21,685 INFO: Copied source\NEW.txt to replica\NEW.txt
2023-04-21 01:04:22,697 INFO: Copied source\NEW.txt to replica\NEW.txt
2023-04-21 01:04:23,706 INFO: Copied source\NEW.txt to replica\NEW.txt
2023-04-21 01:04:24,718 INFO: Copied source\NEW.txt to replica\NEW.txt
2023-04-21 01:04:25,735 INFO: Copied source\NEW.txt to replica\NEW.txt
2023-04-21 01:04:26,751 INFO: Copied source\NEW.txt to replica\NEW.txt
2023-04-21 01:04:27,763 INFO: Copied source\NEW.txt to replica\NEW.txt
2023-04-21 01:04:28,771 INFO: Copied source\NEW.txt to replica\NEW.txt
2023-04-21 01:04:29,785 INFO: Copied source\NEW.txt to replica\NEW.txt
2023-04-21 01:04:30,796 INFO: Copied source\NEW.txt to replica\NEW.txt
2023-04-21 01:04:31,814 INFO: Copied source\NEW.txt to replica\NEW.txt
2023-04-21 01:04:32,832 INFO: Copied source\NEW.txt to replica\NEW.txt
2023-04-21 01:04:33,843 INFO: Copied source\NEW.txt to replica\NEW.txt
2023-04-21 01:04:34,851 INFO: Copied source\NEW.txt to replica\NEW.txt
2023-04-21 01:04:35,863 INFO: Copied source\NEW.txt to replica\NEW.txt
2023-04-21 01:04:36,869 INFO: Copied source\NEW.txt to replica\NEW.txt
2023-04-21 01:04:37,879 INFO: Copied source\NEW.txt to replica\NEW.txt
2023-04-21 01:04:38,901 INFO: Copied source\NEW.txt to replica\NEW.txt
2023-04-21 01:04:39,906 INFO: Copied source\NEW.txt to replica\NEW.txt
2023-04-21 01:04:40,926 INFO: Copied source\NEW.txt to replica\NEW.txt
2023-04-21 01:04:41,934 INFO: Copied source\NEW.txt to replica\NEW.txt
2023-04-21 01:04:42,951 INFO: Copied source\NEW.txt to replica\NEW.txt
2023-04-21 01:04:43,971 INFO: Copied source\NEW.txt to replica\NEW.txt
2023-04-21 01:04:44,985 INFO: Copied source\NEW.txt to replica\NEW.txt
2023-04-21 01:04:46,001 INFO: Copied source\NEW.txt to replica\NEW.txt
2023-04-21 01:04:47,015 INFO: Copied source\NEW.txt to replica\NEW.txt
2023-04-21 01:04:48,026 INFO: Copied source\NEW.txt to replica\NEW.txt
2023-04-21 01:04:49,045 INFO: Copied source\NEW.txt to replica\NEW.txt
2023-04-21 01:04:50,056 INFO: Copied source\NEW.txt to replica\NEW.txt
2023-04-21 01:04:51,065 INFO: Copied source\NEW.txt to replica\NEW.txt
2023-04-21 01:04:52,067 INFO: Copied source\NEW.txt to replica\NEW.txt
2023-04-21 01:04:53,087 INFO: Copied source\NEW.txt to replica\NEW.txt
2023-04-21 01:04:54,094 INFO: Copied source\NEW.txt to replica\NEW.txt
2023-04-21 01:04:55,157 INFO: Copied source\NEW.txt to replica\NEW.txt
2023-04-21 01:04:56,250 INFO: Copied source\NEW.txt to replica\NEW.txt
